<?xml version="1.0" encoding="UTF-8"?>
<!-- Generated by org.testng.reporters.JUnitXMLReporter -->
<<<<<<< HEAD
<testsuite hostname="qaint" ignored="0" name="Test2" tests="12" failures="1" timestamp="01 Jul 2019 17:36:27 GMT" time="84.789" errors="0">
  <testcase name="loginNegative" time="13.244" classname="clo.LoginPage"/>
  <testcase name="loginPositive" time="14.371" classname="clo.LoginPage"/>
  <testcase name="createNewAppointment" time="10.363" classname="clo.LoginPage"/>
  <testcase name="createApptSameTime" time="10.267" classname="clo.LoginPage"/>
  <testcase name="updateAppointment" time="7.4" classname="clo.LoginPage"/>
  <testcase name="deleteAppointment" time="1.296" classname="clo.LoginPage"/>
  <testcase name="newMessageSent" time="5.599" classname="clo.LoginPage"/>
  <testcase name="newMessageReply" time="4.303" classname="clo.LoginPage"/>
  <testcase name="deleteMessage" time="2.464" classname="clo.LoginPage"/>
  <testcase name="checksReadyToPrint" time="5.338" classname="clo.LoginPage"/>
  <testcase name="checksRegister" time="6.822" classname="clo.LoginPage"/>
  <testcase name="voidCheck" time="3.28" classname="clo.LoginPage">
    <failure type="org.openqa.selenium.remote.UnreachableBrowserException" message="Error communicating with the remote browser. It may have died.
Build info: version: &amp;apos;2.53.0&amp;apos;, revision: &amp;apos;35ae25b1534ae328c771e0856c93e187490ca824&amp;apos;, time: &amp;apos;2016-03-15 10:43:46&amp;apos;
System info: host: &amp;apos;qaint&amp;apos;, ip: &amp;apos;89.0.1.156&amp;apos;, os.name: &amp;apos;Windows Server 2012&amp;apos;, os.arch: &amp;apos;amd64&amp;apos;, os.version: &amp;apos;6.2&amp;apos;, java.version: &amp;apos;1.8.0_171&amp;apos;
Driver info: driver.version: RemoteWebDriver
Capabilities [{applicationCacheEnabled=false, rotatable=false, mobileEmulationEnabled=false, networkConnectionEnabled=false, chrome={chromedriverVersion=2.39.562718 (9a2698cba08cf5a471a29d30c8b3e12becabb0e9), userDataDir=C:\Users\SSREEN~1\AppData\Local\Temp\4\scoped_dir3800_24898}, takesHeapSnapshot=true, pageLoadStrategy=normal, databaseEnabled=false, handlesAlerts=true, hasTouchScreen=false, version=75.0.3770.100, platform=WIN8, browserConnectionEnabled=false, nativeEvents=true, acceptSslCerts=false, acceptInsecureCerts=false, locationContextEnabled=true, webStorageEnabled=true, browserName=chrome, takesScreenshot=true, javascriptEnabled=true, cssSelectorsEnabled=true, setWindowRect=true, unexpectedAlertBehaviour=}]
Session ID: 893b2256394dc9eaae3673d93ff6c606">
      <![CDATA[org.openqa.selenium.remote.UnreachableBrowserException: Error communicating with the remote browser. It may have died.
Build info: version: '2.53.0', revision: '35ae25b1534ae328c771e0856c93e187490ca824', time: '2016-03-15 10:43:46'
System info: host: 'qaint', ip: '89.0.1.156', os.name: 'Windows Server 2012', os.arch: 'amd64', os.version: '6.2', java.version: '1.8.0_171'
Driver info: driver.version: RemoteWebDriver
Capabilities [{applicationCacheEnabled=false, rotatable=false, mobileEmulationEnabled=false, networkConnectionEnabled=false, chrome={chromedriverVersion=2.39.562718 (9a2698cba08cf5a471a29d30c8b3e12becabb0e9), userDataDir=C:\Users\SSREEN~1\AppData\Local\Temp\4\scoped_dir3800_24898}, takesHeapSnapshot=true, pageLoadStrategy=normal, databaseEnabled=false, handlesAlerts=true, hasTouchScreen=false, version=75.0.3770.100, platform=WIN8, browserConnectionEnabled=false, nativeEvents=true, acceptSslCerts=false, acceptInsecureCerts=false, locationContextEnabled=true, webStorageEnabled=true, browserName=chrome, takesScreenshot=true, javascriptEnabled=true, cssSelectorsEnabled=true, setWindowRect=true, unexpectedAlertBehaviour=}]
Session ID: 893b2256394dc9eaae3673d93ff6c606
at org.openqa.selenium.remote.RemoteWebDriver.execute(RemoteWebDriver.java:665)
at org.openqa.selenium.remote.RemoteWebDriver.execute(RemoteWebDriver.java:701)
at org.openqa.selenium.remote.RemoteWebDriver.quit(RemoteWebDriver.java:526)
at clo.LoginPage.voidCheck(LoginPage.java:318)
Caused by: java.lang.RuntimeException: Process refused to die after 10 seconds, and couldn't taskkill it: Unable to find executable for: taskkill
at org.openqa.selenium.os.ProcessUtils.killWinProcess(ProcessUtils.java:143)
at org.openqa.selenium.os.ProcessUtils.killProcess(ProcessUtils.java:81)
at org.openqa.selenium.os.UnixProcess$SeleniumWatchDog.destroyHarder(UnixProcess.java:247)
at org.openqa.selenium.os.UnixProcess$SeleniumWatchDog.access$200(UnixProcess.java:201)
at org.openqa.selenium.os.UnixProcess.destroy(UnixProcess.java:125)
at org.openqa.selenium.os.CommandLine.destroy(CommandLine.java:155)
at org.openqa.selenium.remote.service.DriverService.stop(DriverService.java:196)
at org.openqa.selenium.remote.service.DriverCommandExecutor.execute(DriverCommandExecutor.java:94)
at org.openqa.selenium.remote.RemoteWebDriver.execute(RemoteWebDriver.java:644)
... 28 more
Caused by: java.lang.NullPointerException: Unable to find executable for: taskkill
at com.google.common.base.Preconditions.checkNotNull(Preconditions.java:251)
at org.openqa.selenium.os.UnixProcess.<init>(UnixProcess.java:62)
at org.openqa.selenium.os.CommandLine.<init>(CommandLine.java:38)
at org.openqa.selenium.os.WindowsUtils.killPID(WindowsUtils.java:178)
at org.openqa.selenium.os.ProcessUtils.killWinProcess(ProcessUtils.java:138)
... 36 more
... Removed 25 stack frames]]>
    </failure>
  </testcase> <!-- voidCheck -->
=======
<testsuite hostname="coyote" ignored="0" name="Test2" tests="37" failures="1" timestamp="02 Jul 2019 18:58:38 GMT" time="210.77" errors="0">
  <testcase name="loginNegative" time="13.023" classname="clo.LoginPage"/>
  <testcase name="forgotPassword" time="15.128" classname="clo.LoginPage"/>
  <testcase name="loginPositive" time="15.576" classname="clo.LoginPage"/>
  <testcase name="createNewAppointment" time="16.936" classname="clo.LoginPage">
    <failure type="org.openqa.selenium.NoSuchElementException" message="no such element: Unable to locate element: {&amp;quot;method&amp;quot;:&amp;quot;id&amp;quot;,&amp;quot;selector&amp;quot;:&amp;quot;confirm-delete-desc&amp;quot;}
  (Session info: chrome=75.0.3770.100)
  (Driver info: chromedriver=2.39.562718 (9a2698cba08cf5a471a29d30c8b3e12becabb0e9),platform=Windows NT 10.0.17763 x86_64) (WARNING: The server did not provide any stacktrace information)
Command duration or timeout: 10.04 seconds
For documentation on this error, please visit: http://seleniumhq.org/exceptions/no_such_element.html
Build info: version: &amp;apos;2.53.0&amp;apos;, revision: &amp;apos;35ae25b1534ae328c771e0856c93e187490ca824&amp;apos;, time: &amp;apos;2016-03-15 10:43:46&amp;apos;
System info: host: &amp;apos;coyote&amp;apos;, ip: &amp;apos;10.1.1.72&amp;apos;, os.name: &amp;apos;Windows 10&amp;apos;, os.arch: &amp;apos;amd64&amp;apos;, os.version: &amp;apos;10.0&amp;apos;, java.version: &amp;apos;1.8.0_181&amp;apos;
Driver info: org.openqa.selenium.chrome.ChromeDriver
Capabilities [{applicationCacheEnabled=false, rotatable=false, mobileEmulationEnabled=false, networkConnectionEnabled=false, chrome={chromedriverVersion=2.39.562718 (9a2698cba08cf5a471a29d30c8b3e12becabb0e9), userDataDir=C:\Users\nmenon\AppData\Local\Temp\scoped_dir15736_16270}, takesHeapSnapshot=true, pageLoadStrategy=normal, databaseEnabled=false, handlesAlerts=true, hasTouchScreen=false, version=75.0.3770.100, platform=XP, browserConnectionEnabled=false, nativeEvents=true, acceptSslCerts=false, acceptInsecureCerts=false, locationContextEnabled=true, webStorageEnabled=true, browserName=chrome, takesScreenshot=true, javascriptEnabled=true, cssSelectorsEnabled=true, setWindowRect=true, unexpectedAlertBehaviour=}]
Session ID: b10dc6033574d585cc7ca4f1636f19ee
*** Element info: {Using=id, value=confirm-delete-desc}">
      <![CDATA[org.openqa.selenium.NoSuchElementException: no such element: Unable to locate element: {"method":"id","selector":"confirm-delete-desc"}
  (Session info: chrome=75.0.3770.100)
  (Driver info: chromedriver=2.39.562718 (9a2698cba08cf5a471a29d30c8b3e12becabb0e9),platform=Windows NT 10.0.17763 x86_64) (WARNING: The server did not provide any stacktrace information)
Command duration or timeout: 10.04 seconds
For documentation on this error, please visit: http://seleniumhq.org/exceptions/no_such_element.html
Build info: version: '2.53.0', revision: '35ae25b1534ae328c771e0856c93e187490ca824', time: '2016-03-15 10:43:46'
System info: host: 'coyote', ip: '10.1.1.72', os.name: 'Windows 10', os.arch: 'amd64', os.version: '10.0', java.version: '1.8.0_181'
Driver info: org.openqa.selenium.chrome.ChromeDriver
Capabilities [{applicationCacheEnabled=false, rotatable=false, mobileEmulationEnabled=false, networkConnectionEnabled=false, chrome={chromedriverVersion=2.39.562718 (9a2698cba08cf5a471a29d30c8b3e12becabb0e9), userDataDir=C:\Users\nmenon\AppData\Local\Temp\scoped_dir15736_16270}, takesHeapSnapshot=true, pageLoadStrategy=normal, databaseEnabled=false, handlesAlerts=true, hasTouchScreen=false, version=75.0.3770.100, platform=XP, browserConnectionEnabled=false, nativeEvents=true, acceptSslCerts=false, acceptInsecureCerts=false, locationContextEnabled=true, webStorageEnabled=true, browserName=chrome, takesScreenshot=true, javascriptEnabled=true, cssSelectorsEnabled=true, setWindowRect=true, unexpectedAlertBehaviour=}]
Session ID: b10dc6033574d585cc7ca4f1636f19ee
*** Element info: {Using=id, value=confirm-delete-desc}
at org.openqa.selenium.remote.ErrorHandler.createThrowable(ErrorHandler.java:206)
at org.openqa.selenium.remote.ErrorHandler.throwIfResponseFailed(ErrorHandler.java:158)
at org.openqa.selenium.remote.RemoteWebDriver.execute(RemoteWebDriver.java:678)
at org.openqa.selenium.remote.RemoteWebDriver.findElement(RemoteWebDriver.java:363)
at org.openqa.selenium.remote.RemoteWebDriver.findElementById(RemoteWebDriver.java:413)
at org.openqa.selenium.By$ById.findElement(By.java:218)
at org.openqa.selenium.remote.RemoteWebDriver.findElement(RemoteWebDriver.java:355)
at pageObjects.OverviewpgPO.clickapptcreateddialog(OverviewpgPO.java:203)
at clo.LoginPage.createNewAppointment(LoginPage.java:146)
... Removed 29 stack frames]]>
    </failure>
  </testcase> <!-- createNewAppointment -->
  <testcase name="createApptSameTime" time="8.596" classname="clo.LoginPage"/>
  <testcase name="updateAppointment" time="6.205" classname="clo.LoginPage"/>
  <testcase name="deleteAppointment" time="1.171" classname="clo.LoginPage"/>
  <testcase name="deleteSecondAppointment" time="2.161" classname="clo.LoginPage"/>
  <testcase name="newMessageSent" time="4.677" classname="clo.LoginPage"/>
  <testcase name="newMessageReply" time="3.813" classname="clo.LoginPage"/>
  <testcase name="deleteMessage" time="2.304" classname="clo.LoginPage"/>
  <testcase name="checksReadyToPrint" time="4.858" classname="clo.LoginPage"/>
  <testcase name="checksRegister" time="5.632" classname="clo.LoginPage"/>
  <testcase name="voidCheck" time="1.896" classname="clo.LoginPage"/>
  <testcase name="switchYear" time="28.17" classname="clo.SettingsChanges"/>
  <testcase name="changePassword" time="3.901" classname="clo.SettingsChanges"/>
  <testcase name="changePasswordCancel" time="3.797" classname="clo.SettingsChanges"/>
  <testcase name="toggleTrainingMode" time="3.151" classname="clo.SettingsChanges"/>
  <testcase name="toggleTrainingModeOff" time="3.172" classname="clo.SettingsChanges"/>
  <testcase name="captureSignature" time="6.614" classname="clo.SettingsChanges"/>
  <testcase name="loginSettings" time="2.374" classname="clo.SettingsChanges"/>
  <testcase name="dbAddCity" time="18.936" classname="clo.DatabaseSettings"/>
  <testcase name="dbEditCity" time="1.943" classname="clo.DatabaseSettings"/>
  <testcase name="dbaddEmployer" time="4.389" classname="clo.DatabaseSettings"/>
  <testcase name="dbeditEmployer" time="3.356" classname="clo.DatabaseSettings"/>
  <testcase name="dbaddCareProvider" time="3.468" classname="clo.DatabaseSettings"/>
  <testcase name="dbeditCareProvider" time="2.497" classname="clo.DatabaseSettings"/>
  <testcase name="dbaddReferrals" time="1.656" classname="clo.DatabaseSettings"/>
  <testcase name="dbeditReferrals" time="1.631" classname="clo.DatabaseSettings"/>
  <testcase name="dbaddDonee" time="2.702" classname="clo.DatabaseSettings"/>
  <testcase name="dbeditDonee" time="2.574" classname="clo.DatabaseSettings"/>
  <testcase name="dbaddBankRTN" time="1.754" classname="clo.DatabaseSettings"/>
  <testcase name="dbeditBankRTN" time="1.649" classname="clo.DatabaseSettings"/>
  <testcase name="dbaddOccupations" time="1.904" classname="clo.DatabaseSettings"/>
  <testcase name="dbeditOccupations" time="1.725" classname="clo.DatabaseSettings"/>
  <testcase name="dbaddEducationalInstitute" time="2.83" classname="clo.DatabaseSettings"/>
  <testcase name="dbeditEducationalInstitute" time="1.862" classname="clo.DatabaseSettings"/>
>>>>>>> 12ac972bd284edd3a05f7b74284c25c156a2b3f2
</testsuite> <!-- Test2 -->
